<?xml version="1.0" encoding="UTF-8"?>
<testng-results ignored="0" total="5" passed="5" failed="0" skipped="0">
  <reporter-output>
    <line>
      <![CDATA[Setting up the driver: running BaseClass browser setup]]>
    </line>
    <line>
      <![CDATA[Log INFO: Browser is up and Running!! ]]>
    </line>
    <line>
      <![CDATA[Running after class]]>
    </line>
    <line>
      <![CDATA[Browser Closed!!]]>
    </line>
    <line>
      <![CDATA[Setting up the driver: running BaseClass browser setup]]>
    </line>
    <line>
      <![CDATA[Log INFO: Browser is up and Running!! ]]>
    </line>
    <line>
      <![CDATA[Please enter your username to identify your account to reset your password]]>
    </line>
    <line>
      <![CDATA[App Title is:  OrangeHRM]]>
    </line>
    <line>
      <![CDATA[Running after class]]>
    </line>
    <line>
      <![CDATA[Browser Closed!!]]>
    </line>
    <line>
      <![CDATA[Setting up the driver: running BaseClass browser setup]]>
    </line>
    <line>
      <![CDATA[Log INFO: Browser is up and Running!! ]]>
    </line>
    <line>
      <![CDATA[Fake fname used isBeatris]]>
    </line>
    <line>
      <![CDATA[Fake mname used isLittle]]>
    </line>
    <line>
      <![CDATA[Fake lname used isGerhold]]>
    </line>
    <line>
      <![CDATA[Fake usrname used isWilliam VonRueden]]>
    </line>
    <line>
      <![CDATA[Running after class]]>
    </line>
    <line>
      <![CDATA[Browser Closed!!]]>
    </line>
  </reporter-output>
  <suite started-at="2024-10-15T12:03:21 BST" name="All Test Suite" finished-at="2024-10-15T12:03:33 BST" duration-ms="12686">
    <groups>
    </groups>
    <test started-at="2024-10-15T12:03:21 BST" name="/Users/muhammadqaiser/Documents/Automation Stuff/OrangeHRMPracticeFramework/src/test/java/Tests/AddNewUserTest.java" finished-at="2024-10-15T12:03:33 BST" duration-ms="12686">
      <class name="Tests.AddNewUserTest">
        <test-method is-config="true" signature="brwoserSetup()[pri:0, instance:Tests.AddNewUserTest@dc7df28]" started-at="2024-10-15T12:03:21 BST" name="brwoserSetup" finished-at="2024-10-15T12:03:26 BST" duration-ms="5604" status="PASS">
          <reporter-output>
            <line>
              <![CDATA[Setting up the driver: running BaseClass browser setup]]>
            </line>
            <line>
              <![CDATA[Log INFO: Browser is up and Running!! ]]>
            </line>
          </reporter-output>
        </test-method> <!-- brwoserSetup -->
        <test-method signature="AddNewUserAdmin(java.lang.String,java.lang.String,java.lang.String,java.lang.String,java.lang.String,java.lang.String)[pri:0, instance:Tests.AddNewUserTest@dc7df28]" started-at="2024-10-15T12:03:27 BST" name="AddNewUserAdmin" data-provider="TestDataForAddingUser" finished-at="2024-10-15T12:03:33 BST" duration-ms="5702" status="PASS">
          <params>
            <param index="0">
              <value>
                <![CDATA[Admin]]>
              </value>
            </param>
            <param index="1">
              <value>
                <![CDATA[admin123]]>
              </value>
            </param>
            <param index="2">
              <value>
                <![CDATA[e]]>
              </value>
            </param>
            <param index="3">
              <value>
                <![CDATA[Jack Jonson]]>
              </value>
            </param>
            <param index="4">
              <value>
                <![CDATA[Test@123]]>
              </value>
            </param>
            <param index="5">
              <value>
                <![CDATA[Test@123]]>
              </value>
            </param>
          </params>
          <reporter-output>
          </reporter-output>
        </test-method> <!-- AddNewUserAdmin -->
        <test-method is-config="true" signature="closeBrowser()[pri:0, instance:Tests.AddNewUserTest@dc7df28]" started-at="2024-10-15T12:03:33 BST" name="closeBrowser" finished-at="2024-10-15T12:03:33 BST" duration-ms="167" status="PASS">
          <reporter-output>
            <line>
              <![CDATA[Running after class]]>
            </line>
            <line>
              <![CDATA[Browser Closed!!]]>
            </line>
          </reporter-output>
        </test-method> <!-- closeBrowser -->
      </class> <!-- Tests.AddNewUserTest -->
    </test> <!-- /Users/muhammadqaiser/Documents/Automation Stuff/OrangeHRMPracticeFramework/src/test/java/Tests/AddNewUserTest.java -->
  </suite> <!-- All Test Suite -->
  <suite started-at="2024-10-15T12:03:34 BST" name="All Test Suite (0)" finished-at="2024-10-15T12:03:47 BST" duration-ms="12807">
    <groups>
    </groups>
    <test started-at="2024-10-15T12:03:34 BST" name="/Users/muhammadqaiser/Documents/Automation Stuff/OrangeHRMPracticeFramework/src/test/java/Tests/LogInTest.java" finished-at="2024-10-15T12:03:47 BST" duration-ms="12807">
      <class name="Tests.LogInTest">
        <test-method is-config="true" signature="brwoserSetup()[pri:0, instance:Tests.LogInTest@2d0399f4]" started-at="2024-10-15T12:03:34 BST" name="brwoserSetup" finished-at="2024-10-15T12:03:38 BST" duration-ms="4428" status="PASS">
          <reporter-output>
            <line>
              <![CDATA[Setting up the driver: running BaseClass browser setup]]>
            </line>
            <line>
              <![CDATA[Log INFO: Browser is up and Running!! ]]>
            </line>
          </reporter-output>
        </test-method> <!-- brwoserSetup -->
        <test-method signature="invalidLogIn()[pri:1, instance:Tests.LogInTest@2d0399f4]" started-at="2024-10-15T12:03:38 BST" name="invalidLogIn" finished-at="2024-10-15T12:03:40 BST" duration-ms="1406" status="PASS">
          <reporter-output>
          </reporter-output>
        </test-method> <!-- invalidLogIn -->
        <test-method signature="validateResetPasswordLink()[pri:2, instance:Tests.LogInTest@2d0399f4]" started-at="2024-10-15T12:03:40 BST" name="validateResetPasswordLink" finished-at="2024-10-15T12:03:43 BST" duration-ms="3212" status="PASS">
          <reporter-output>
            <line>
              <![CDATA[Please enter your username to identify your account to reset your password]]>
            </line>
          </reporter-output>
        </test-method> <!-- validateResetPasswordLink -->
        <test-method signature="validLogInToApplication(java.lang.String,java.lang.String)[pri:3, instance:Tests.LogInTest@2d0399f4]" started-at="2024-10-15T12:03:43 BST" name="validLogInToApplication" data-provider="TestData" finished-at="2024-10-15T12:03:46 BST" duration-ms="2108" status="PASS">
          <params>
            <param index="0">
              <value>
                <![CDATA[Admin]]>
              </value>
            </param>
            <param index="1">
              <value>
                <![CDATA[admin123]]>
              </value>
            </param>
          </params>
          <reporter-output>
            <line>
              <![CDATA[App Title is:  OrangeHRM]]>
            </line>
          </reporter-output>
        </test-method> <!-- validLogInToApplication -->
        <test-method is-config="true" signature="closeBrowser()[pri:0, instance:Tests.LogInTest@2d0399f4]" started-at="2024-10-15T12:03:46 BST" name="closeBrowser" finished-at="2024-10-15T12:03:47 BST" duration-ms="124" status="PASS">
          <reporter-output>
            <line>
              <![CDATA[Running after class]]>
            </line>
            <line>
              <![CDATA[Browser Closed!!]]>
            </line>
          </reporter-output>
        </test-method> <!-- closeBrowser -->
      </class> <!-- Tests.LogInTest -->
    </test> <!-- /Users/muhammadqaiser/Documents/Automation Stuff/OrangeHRMPracticeFramework/src/test/java/Tests/LogInTest.java -->
  </suite> <!-- All Test Suite (0) -->
  <suite started-at="2024-10-15T12:03:47 BST" name="All Test Suite (1)" finished-at="2024-10-15T12:03:58 BST" duration-ms="11319">
    <groups>
    </groups>
    <test started-at="2024-10-15T12:03:47 BST" name="C:/Users/Muhammad Qaiser/Downloads/OrnageHRMFrameWork/src/test/java/Tests/AddPIMUserTest.java" finished-at="2024-10-15T12:03:58 BST" duration-ms="11319">
      <class name="Tests.AddPIMUserTest">
        <test-method is-config="true" signature="brwoserSetup()[pri:0, instance:Tests.AddPIMUserTest@7dc19a70]" started-at="2024-10-15T12:03:47 BST" name="brwoserSetup" finished-at="2024-10-15T12:03:51 BST" duration-ms="4406" status="PASS">
          <reporter-output>
            <line>
              <![CDATA[Setting up the driver: running BaseClass browser setup]]>
            </line>
            <line>
              <![CDATA[Log INFO: Browser is up and Running!! ]]>
            </line>
          </reporter-output>
        </test-method> <!-- brwoserSetup -->
        <test-method signature="AddPIMNewUser()[pri:0, instance:Tests.AddPIMUserTest@7dc19a70]" started-at="2024-10-15T12:03:51 BST" name="AddPIMNewUser" finished-at="2024-10-15T12:03:57 BST" duration-ms="6084" status="PASS">
          <reporter-output>
            <line>
              <![CDATA[Fake fname used isBeatris]]>
            </line>
            <line>
              <![CDATA[Fake mname used isLittle]]>
            </line>
            <line>
              <![CDATA[Fake lname used isGerhold]]>
            </line>
            <line>
              <![CDATA[Fake usrname used isWilliam VonRueden]]>
            </line>
          </reporter-output>
        </test-method> <!-- AddPIMNewUser -->
        <test-method is-config="true" signature="closeBrowser()[pri:0, instance:Tests.AddPIMUserTest@7dc19a70]" started-at="2024-10-15T12:03:58 BST" name="closeBrowser" finished-at="2024-10-15T12:03:58 BST" duration-ms="124" status="PASS">
          <reporter-output>
            <line>
              <![CDATA[Running after class]]>
            </line>
            <line>
              <![CDATA[Browser Closed!!]]>
            </line>
          </reporter-output>
        </test-method> <!-- closeBrowser -->
      </class> <!-- Tests.AddPIMUserTest -->
    </test> <!-- C:/Users/Muhammad Qaiser/Downloads/OrnageHRMFrameWork/src/test/java/Tests/AddPIMUserTest.java -->
  </suite> <!-- All Test Suite (1) -->
</testng-results>
