<?xml version="1.0" encoding="UTF-8"?>
<testsuite xmlns:xsi="http://www.w3.org/2001/XMLSchema-instance" xsi:noNamespaceSchemaLocation="https://maven.apache.org/surefire/maven-surefire-plugin/xsd/surefire-test-report.xsd" version="3.0.2" name="TestSuite" time="38.031" tests="5" errors="0" skipped="0" failures="0">
  <properties>
[...]
</properties>
  <testcase name="AddNewUserAdmin[Admin, admin123, e, Jack Jonson, Test@123, Test@123](1)" classname="Tests.AddNewUserTest" time="6.119">
    <system-out><![CDATA[Setting up the driver: running BaseClass browser setup
Log INFO: Browser is up and Running!! 
]]></system-out>
    <system-err><![CDATA[SLF4J(W): No SLF4J providers were found.
SLF4J(W): Defaulting to no-operation (NOP) logger implementation
SLF4J(W): See https://www.slf4j.org/codes.html#noProviders for further details.
ERROR StatusLogger Log4j2 could not find a logging implementation. Please add log4j-core to the classpath. Using SimpleLogger to log to the console...
]]></system-err>
  </testcase>
  <testcase name="invalidLogIn" classname="Tests.LogInTest" time="1.723">
    <system-out><![CDATA[Running after class
Browser Closed!!
PASSED: Tests.AddNewUserTest.AddNewUserAdmin("Admin", "admin123", "e", "Jack Jonson", "Test@123", "Test@123")

===============================================
    /Users/muhammadqaiser/Documents/Automation Stuff/OrangeHRMPracticeFramework/src/test/java/Tests/AddNewUserTest.java
    Tests run: 1, Failures: 0, Skips: 0
===============================================

Setting up the driver: running BaseClass browser setup
Log INFO: Browser is up and Running!! 
]]></system-out>
  </testcase>
  <testcase name="validateResetPasswordLink" classname="Tests.LogInTest" time="3.532">
    <system-out><![CDATA[Please enter your username to identify your account to reset your password
]]></system-out>
  </testcase>
  <testcase name="validLogInToApplication[Admin, admin123](1)" classname="Tests.LogInTest" time="2.961">
    <system-out><![CDATA[App Title is:  OrangeHRM
]]></system-out>
  </testcase>
  <testcase name="AddPIMNewUser" classname="Tests.AddPIMUserTest" time="6.786">
    <system-out><![CDATA[Running after class
Browser Closed!!
PASSED: Tests.LogInTest.validateResetPasswordLink
PASSED: Tests.LogInTest.validLogInToApplication("Admin", "admin123")
PASSED: Tests.LogInTest.invalidLogIn

===============================================
    /Users/muhammadqaiser/Documents/Automation Stuff/OrangeHRMPracticeFramework/src/test/java/Tests/LogInTest.java
    Tests run: 3, Failures: 0, Skips: 0
===============================================

Setting up the driver: running BaseClass browser setup
Log INFO: Browser is up and Running!! 
Fake fname used isBeatris
Fake mname used isLittle
Fake lname used isGerhold
Fake usrname used isWilliam VonRueden
]]></system-out>
  </testcase>
</testsuite>