<?xml version="1.0" encoding="UTF-8"?>
<!-- Generated by org.testng.reporters.JUnitXMLReporter -->
<testsuite ignored="0" hostname="Muhammads-MBP.communityfibre.co.uk" failures="0" tests="3" name="/Users/muhammadqaiser/Documents/Automation Stuff/OrangeHRMPracticeFramework/src/test/java/Tests/LogInTest.java" time="12.807" errors="0" timestamp="2024-10-15T12:03:47 BST">
  <testcase classname="Tests.LogInTest" name="invalidLogIn" time="1.406"/>
  <testcase classname="Tests.LogInTest" name="validateResetPasswordLink" time="3.212"/>
  <testcase classname="Tests.LogInTest" name="validLogInToApplication" time="2.108"/>
</testsuite> <!-- /Users/muhammadqaiser/Documents/Automation Stuff/OrangeHRMPracticeFramework/src/test/java/Tests/LogInTest.java -->
