<?xml version="1.0" encoding="UTF-8"?>
<!-- Generated by org.testng.reporters.JUnitXMLReporter -->
<testsuite ignored="0" hostname="Muhammads-MBP.communityfibre.co.uk" failures="0" tests="1" name="/Users/muhammadqaiser/Documents/Automation Stuff/OrangeHRMPracticeFramework/src/test/java/Tests/AddNewUserTest.java" time="12.686" errors="0" timestamp="2024-10-15T12:03:34 BST">
  <testcase classname="Tests.AddNewUserTest" name="AddNewUserAdmin" time="5.702"/>
</testsuite> <!-- /Users/muhammadqaiser/Documents/Automation Stuff/OrangeHRMPracticeFramework/src/test/java/Tests/AddNewUserTest.java -->
